kotlin version: 2.0.21
error message: org.jetbrains.kotlin.backend.common.BackendException: Backend Internal error: Exception during IR lowering
File being compiled: /Users/shubhamkumar/source/ui-catalog-poc/component-test-app/ui-component/src/main/java/com/wsa/ui_component/UiComponents.kt
The root cause java.lang.RuntimeException was thrown at: org.jetbrains.kotlin.backend.jvm.codegen.FunctionCodegen.generate(FunctionCodegen.kt:47)
	at org.jetbrains.kotlin.backend.common.CodegenUtil.reportBackendException(CodegenUtil.kt:253)
	at org.jetbrains.kotlin.backend.common.CodegenUtil.reportBackendException$default(CodegenUtil.kt:236)
	at org.jetbrains.kotlin.backend.common.phaser.PerformByIrFilePhase.invokeSequential(performByIrFile.kt:65)
	at org.jetbrains.kotlin.backend.common.phaser.PerformByIrFilePhase.invoke(performByIrFile.kt:52)
	at org.jetbrains.kotlin.backend.common.phaser.PerformByIrFilePhase.invoke(performByIrFile.kt:38)
	at org.jetbrains.kotlin.backend.common.phaser.NamedCompilerPhase.phaseBody(CompilerPhase.kt:166)
	at org.jetbrains.kotlin.backend.common.phaser.AbstractNamedCompilerPhase.invoke(CompilerPhase.kt:113)
	at org.jetbrains.kotlin.backend.common.phaser.CompositePhase.invoke(PhaseBuilders.kt:27)
	at org.jetbrains.kotlin.backend.common.phaser.CompositePhase.invoke(PhaseBuilders.kt:14)
	at org.jetbrains.kotlin.backend.common.phaser.NamedCompilerPhase.phaseBody(CompilerPhase.kt:166)
	at org.jetbrains.kotlin.backend.common.phaser.AbstractNamedCompilerPhase.invoke(CompilerPhase.kt:113)
	at org.jetbrains.kotlin.backend.common.phaser.CompilerPhaseKt.invokeToplevel(CompilerPhase.kt:62)
	at org.jetbrains.kotlin.backend.jvm.JvmIrCodegenFactory.invokeCodegen(JvmIrCodegenFactory.kt:371)
	at org.jetbrains.kotlin.codegen.CodegenFactory.generateModule(CodegenFactory.kt:47)
	at org.jetbrains.kotlin.backend.jvm.JvmIrCodegenFactory.generateModuleInFrontendIRMode(JvmIrCodegenFactory.kt:433)
	at org.jetbrains.kotlin.cli.jvm.compiler.pipeline.JvmCompilerPipelineKt.generateCodeFromIr(jvmCompilerPipeline.kt:246)
	at org.jetbrains.kotlin.cli.jvm.compiler.pipeline.JvmCompilerPipelineKt.compileModulesUsingFrontendIrAndLightTree(jvmCompilerPipeline.kt:142)
	at org.jetbrains.kotlin.cli.jvm.K2JVMCompiler.doExecute(K2JVMCompiler.kt:148)
	at org.jetbrains.kotlin.cli.jvm.K2JVMCompiler.doExecute(K2JVMCompiler.kt:43)
	at org.jetbrains.kotlin.cli.common.CLICompiler.execImpl(CLICompiler.kt:103)
	at org.jetbrains.kotlin.cli.common.CLICompiler.execImpl(CLICompiler.kt:49)
	at org.jetbrains.kotlin.cli.common.CLITool.exec(CLITool.kt:101)
	at org.jetbrains.kotlin.incremental.IncrementalJvmCompilerRunner.runCompiler(IncrementalJvmCompilerRunner.kt:464)
	at org.jetbrains.kotlin.incremental.IncrementalJvmCompilerRunner.runCompiler(IncrementalJvmCompilerRunner.kt:73)
	at org.jetbrains.kotlin.incremental.IncrementalCompilerRunner.doCompile(IncrementalCompilerRunner.kt:506)
	at org.jetbrains.kotlin.incremental.IncrementalCompilerRunner.compileImpl(IncrementalCompilerRunner.kt:423)
	at org.jetbrains.kotlin.incremental.IncrementalCompilerRunner.compileNonIncrementally(IncrementalCompilerRunner.kt:301)
	at org.jetbrains.kotlin.incremental.IncrementalCompilerRunner.compile(IncrementalCompilerRunner.kt:129)
	at org.jetbrains.kotlin.daemon.CompileServiceImplBase.execIncrementalCompiler(CompileServiceImpl.kt:675)
	at org.jetbrains.kotlin.daemon.CompileServiceImplBase.access$execIncrementalCompiler(CompileServiceImpl.kt:92)
	at org.jetbrains.kotlin.daemon.CompileServiceImpl.compile(CompileServiceImpl.kt:1660)
	at java.base/jdk.internal.reflect.DirectMethodHandleAccessor.invoke(Unknown Source)
	at java.base/java.lang.reflect.Method.invoke(Unknown Source)
	at java.rmi/sun.rmi.server.UnicastServerRef.dispatch(Unknown Source)
	at java.rmi/sun.rmi.transport.Transport$1.run(Unknown Source)
	at java.rmi/sun.rmi.transport.Transport$1.run(Unknown Source)
	at java.base/java.security.AccessController.doPrivileged(Unknown Source)
	at java.rmi/sun.rmi.transport.Transport.serviceCall(Unknown Source)
	at java.rmi/sun.rmi.transport.tcp.TCPTransport.handleMessages(Unknown Source)
	at java.rmi/sun.rmi.transport.tcp.TCPTransport$ConnectionHandler.run0(Unknown Source)
	at java.rmi/sun.rmi.transport.tcp.TCPTransport$ConnectionHandler.lambda$run$0(Unknown Source)
	at java.base/java.security.AccessController.doPrivileged(Unknown Source)
	at java.rmi/sun.rmi.transport.tcp.TCPTransport$ConnectionHandler.run(Unknown Source)
	at java.base/java.util.concurrent.ThreadPoolExecutor.runWorker(Unknown Source)
	at java.base/java.util.concurrent.ThreadPoolExecutor$Worker.run(Unknown Source)
	at java.base/java.lang.Thread.run(Unknown Source)
Caused by: java.lang.RuntimeException: Exception while generating code for:
FUN name:IndicatorContainer-x500wqQ visibility:public modality:FINAL <> (modifier:androidx.compose.ui.Modifier, borderWidth:androidx.compose.ui.unit.Dp, cornerRadius:androidx.compose.ui.unit.Dp, indicatorHeight:androidx.compose.ui.unit.Dp, containerColor:androidx.compose.ui.graphics.Color, indicatorColor:androidx.compose.ui.graphics.Color, contentPadding:androidx.compose.foundation.layout.PaddingValues, content:@[Composable] kotlin.Function0<kotlin.Unit>) returnType:kotlin.Unit
  annotations:
    Composable
  VALUE_PARAMETER name:modifier index:0 type:androidx.compose.ui.Modifier
    EXPRESSION_BODY
      ERROR_EXPR 'Default Stub' type=androidx.compose.ui.Modifier
  VALUE_PARAMETER name:borderWidth index:1 type:androidx.compose.ui.unit.Dp
    EXPRESSION_BODY
      ERROR_EXPR 'Default Stub' type=androidx.compose.ui.unit.Dp
  VALUE_PARAMETER name:cornerRadius index:2 type:androidx.compose.ui.unit.Dp
    EXPRESSION_BODY
      ERROR_EXPR 'Default Stub' type=androidx.compose.ui.unit.Dp
  VALUE_PARAMETER name:indicatorHeight index:3 type:androidx.compose.ui.unit.Dp
    EXPRESSION_BODY
      ERROR_EXPR 'Default Stub' type=androidx.compose.ui.unit.Dp
  VALUE_PARAMETER name:containerColor index:4 type:androidx.compose.ui.graphics.Color
    EXPRESSION_BODY
      ERROR_EXPR 'Default Stub' type=androidx.compose.ui.graphics.Color
  VALUE_PARAMETER name:indicatorColor index:5 type:androidx.compose.ui.graphics.Color
    EXPRESSION_BODY
      ERROR_EXPR 'Default Stub' type=androidx.compose.ui.graphics.Color
  VALUE_PARAMETER name:contentPadding index:6 type:androidx.compose.foundation.layout.PaddingValues
    EXPRESSION_BODY
      ERROR_EXPR 'Default Stub' type=androidx.compose.foundation.layout.PaddingValues
  VALUE_PARAMETER name:content index:7 type:@[Composable] kotlin.Function0<kotlin.Unit>
  BLOCK_BODY
    CALL 'public final fun Box$default (modifier: androidx.compose.ui.Modifier?, contentAlignment: androidx.compose.ui.Alignment?, propagateMinConstraints: kotlin.Boolean, content: @[Composable] @[ExtensionFunctionType] kotlin.Function1<androidx.compose.foundation.layout.BoxScope, kotlin.Unit>, $mask0: kotlin.Int, $handler: kotlin.Any?): kotlin.Unit [inline] declared in androidx.compose.foundation.layout.BoxKt' type=kotlin.Unit origin=DEFAULT_DISPATCH_CALL
      modifier: CALL 'public final fun fillMaxWidth$default (fraction: kotlin.Float, $mask0: kotlin.Int, $handler: kotlin.Any?): androidx.compose.ui.Modifier declared in androidx.compose.foundation.layout.SizeKt' type=androidx.compose.ui.Modifier origin=DEFAULT_DISPATCH_CALL
        $receiver: GET_VAR 'modifier: androidx.compose.ui.Modifier declared in com.wsa.ui_component.UiComponentsKt.IndicatorContainer-x500wqQ' type=androidx.compose.ui.Modifier origin=null
        fraction: COMPOSITE type=kotlin.Float origin=DEFAULT_VALUE
          CONST Float type=kotlin.Float value=0.0
        $mask0: CONST Int type=kotlin.Int value=1
        $handler: CONST Null type=kotlin.Any? value=null
      contentAlignment: COMPOSITE type=androidx.compose.ui.Alignment? origin=DEFAULT_VALUE
        CONST Null type=androidx.compose.ui.Alignment? value=null
      propagateMinConstraints: COMPOSITE type=kotlin.Boolean origin=DEFAULT_VALUE
        CONST Boolean type=kotlin.Boolean value=false
      content: BLOCK type=@[ExtensionFunctionType] kotlin.Function1<androidx.compose.foundation.layout.BoxScope, kotlin.Unit> origin=LAMBDA
        COMPOSITE type=kotlin.Unit origin=null
        FUNCTION_REFERENCE 'private final fun IndicatorContainer_x500wqQ$lambda$1 ($containerColor: androidx.compose.ui.graphics.Color, $cornerRadius: androidx.compose.ui.unit.Dp, $borderWidth: androidx.compose.ui.unit.Dp, $contentPadding: androidx.compose.foundation.layout.PaddingValues, $indicatorHeight: androidx.compose.ui.unit.Dp, $indicatorColor: androidx.compose.ui.graphics.Color, $content: @[Composable] kotlin.Function0<kotlin.Unit>): kotlin.Unit declared in com.wsa.ui_component.UiComponentsKt' type=@[ExtensionFunctionType] kotlin.Function1<androidx.compose.foundation.layout.BoxScope, kotlin.Unit> origin=INLINE_LAMBDA reflectionTarget=null
          $containerColor: GET_VAR 'containerColor: androidx.compose.ui.graphics.Color declared in com.wsa.ui_component.UiComponentsKt.IndicatorContainer-x500wqQ' type=androidx.compose.ui.graphics.Color origin=null
          $cornerRadius: GET_VAR 'cornerRadius: androidx.compose.ui.unit.Dp declared in com.wsa.ui_component.UiComponentsKt.IndicatorContainer-x500wqQ' type=androidx.compose.ui.unit.Dp origin=null
          $borderWidth: GET_VAR 'borderWidth: androidx.compose.ui.unit.Dp declared in com.wsa.ui_component.UiComponentsKt.IndicatorContainer-x500wqQ' type=androidx.compose.ui.unit.Dp origin=null
          $contentPadding: GET_VAR 'contentPadding: androidx.compose.foundation.layout.PaddingValues declared in com.wsa.ui_component.UiComponentsKt.IndicatorContainer-x500wqQ' type=androidx.compose.foundation.layout.PaddingValues origin=null
          $indicatorHeight: GET_VAR 'indicatorHeight: androidx.compose.ui.unit.Dp declared in com.wsa.ui_component.UiComponentsKt.IndicatorContainer-x500wqQ' type=androidx.compose.ui.unit.Dp origin=null
          $indicatorColor: GET_VAR 'indicatorColor: androidx.compose.ui.graphics.Color declared in com.wsa.ui_component.UiComponentsKt.IndicatorContainer-x500wqQ' type=androidx.compose.ui.graphics.Color origin=null
          $content: GET_VAR 'content: @[Composable] kotlin.Function0<kotlin.Unit> declared in com.wsa.ui_component.UiComponentsKt.IndicatorContainer-x500wqQ' type=@[Composable] kotlin.Function0<kotlin.Unit> origin=null
      $mask0: CONST Int type=kotlin.Int value=6
      $handler: CONST Null type=kotlin.Any? value=null

	at org.jetbrains.kotlin.backend.jvm.codegen.FunctionCodegen.generate(FunctionCodegen.kt:47)
	at org.jetbrains.kotlin.backend.jvm.codegen.FunctionCodegen.generate$default(FunctionCodegen.kt:40)
	at org.jetbrains.kotlin.backend.jvm.codegen.ClassCodegen.generateMethodNode(ClassCodegen.kt:406)
	at org.jetbrains.kotlin.backend.jvm.codegen.ClassCodegen.generateMethod(ClassCodegen.kt:423)
	at org.jetbrains.kotlin.backend.jvm.codegen.ClassCodegen.generate(ClassCodegen.kt:168)
	at org.jetbrains.kotlin.backend.jvm.FileCodegen.lower(JvmPhases.kt:39)
	at org.jetbrains.kotlin.backend.common.phaser.PhaseFactoriesKt.createFilePhase$lambda$4(PhaseFactories.kt:71)
	at org.jetbrains.kotlin.backend.common.phaser.PhaseBuildersKt$createSimpleNamedCompilerPhase$1.phaseBody(PhaseBuilders.kt:69)
	at org.jetbrains.kotlin.backend.common.phaser.SimpleNamedCompilerPhase.phaseBody(CompilerPhase.kt:226)
	at org.jetbrains.kotlin.backend.common.phaser.AbstractNamedCompilerPhase.invoke(CompilerPhase.kt:113)
	at org.jetbrains.kotlin.backend.common.phaser.PerformByIrFilePhase.invokeSequential(performByIrFile.kt:62)
	... 43 more
Caused by: java.lang.RuntimeException: Exception while generating code for:
FUN INLINE_LAMBDA name:IndicatorContainer_x500wqQ$lambda$1 visibility:private modality:FINAL <> ($receiver:androidx.compose.foundation.layout.BoxScope, $containerColor:androidx.compose.ui.graphics.Color, $cornerRadius:androidx.compose.ui.unit.Dp, $borderWidth:androidx.compose.ui.unit.Dp, $contentPadding:androidx.compose.foundation.layout.PaddingValues, $indicatorHeight:androidx.compose.ui.unit.Dp, $indicatorColor:androidx.compose.ui.graphics.Color, $content:@[Composable] kotlin.Function0<kotlin.Unit>) returnType:kotlin.Unit
  $receiver: VALUE_PARAMETER name:$this$Box type:androidx.compose.foundation.layout.BoxScope
  VALUE_PARAMETER BOUND_VALUE_PARAMETER name:$containerColor index:0 type:androidx.compose.ui.graphics.Color
  VALUE_PARAMETER BOUND_VALUE_PARAMETER name:$cornerRadius index:1 type:androidx.compose.ui.unit.Dp
  VALUE_PARAMETER BOUND_VALUE_PARAMETER name:$borderWidth index:2 type:androidx.compose.ui.unit.Dp
  VALUE_PARAMETER BOUND_VALUE_PARAMETER name:$contentPadding index:3 type:androidx.compose.foundation.layout.PaddingValues
  VALUE_PARAMETER BOUND_VALUE_PARAMETER name:$indicatorHeight index:4 type:androidx.compose.ui.unit.Dp
  VALUE_PARAMETER BOUND_VALUE_PARAMETER name:$indicatorColor index:5 type:androidx.compose.ui.graphics.Color
  VALUE_PARAMETER BOUND_VALUE_PARAMETER name:$content index:6 type:@[Composable] kotlin.Function0<kotlin.Unit>
  BLOCK_BODY
    VAR name:$i$a$-Box$default-UiComponentsKt$IndicatorContainer$1 type:kotlin.Int [val]
      CONST Int type=kotlin.Int value=0
    CALL 'public final fun Box$default (modifier: androidx.compose.ui.Modifier?, contentAlignment: androidx.compose.ui.Alignment?, propagateMinConstraints: kotlin.Boolean, content: @[Composable] @[ExtensionFunctionType] kotlin.Function1<androidx.compose.foundation.layout.BoxScope, kotlin.Unit>, $mask0: kotlin.Int, $handler: kotlin.Any?): kotlin.Unit [inline] declared in androidx.compose.foundation.layout.BoxKt' type=kotlin.Unit origin=DEFAULT_DISPATCH_CALL
      modifier: CALL 'public final fun padding (paddingValues: androidx.compose.foundation.layout.PaddingValues): androidx.compose.ui.Modifier declared in androidx.compose.foundation.layout.PaddingKt' type=androidx.compose.ui.Modifier origin=null
        $receiver: CALL 'public final fun border-xT4_qwU (width: androidx.compose.ui.unit.Dp, color: androidx.compose.ui.graphics.Color, shape: androidx.compose.ui.graphics.Shape): androidx.compose.ui.Modifier declared in androidx.compose.foundation.BorderKt' type=androidx.compose.ui.Modifier origin=null
          $receiver: CALL 'public final fun background-bw27NRU (color: androidx.compose.ui.graphics.Color, shape: androidx.compose.ui.graphics.Shape): androidx.compose.ui.Modifier declared in androidx.compose.foundation.BackgroundKt' type=androidx.compose.ui.Modifier origin=null
            $receiver: CALL 'public final fun fillMaxWidth$default (fraction: kotlin.Float, $mask0: kotlin.Int, $handler: kotlin.Any?): androidx.compose.ui.Modifier declared in androidx.compose.foundation.layout.SizeKt' type=androidx.compose.ui.Modifier origin=DEFAULT_DISPATCH_CALL
              $receiver: GET_FIELD 'FIELD FIELD_FOR_OBJECT_INSTANCE name:Companion type:androidx.compose.ui.Modifier.Companion visibility:public [final,static] declared in androidx.compose.ui.Modifier' type=androidx.compose.ui.Modifier.Companion origin=null
              fraction: COMPOSITE type=kotlin.Float origin=DEFAULT_VALUE
                CONST Float type=kotlin.Float value=0.0
              $mask0: CONST Int type=kotlin.Int value=1
              $handler: CONST Null type=kotlin.Any? value=null
            color: GET_VAR '$containerColor: androidx.compose.ui.graphics.Color declared in com.wsa.ui_component.UiComponentsKt.IndicatorContainer_x500wqQ$lambda$1' type=androidx.compose.ui.graphics.Color origin=null
            shape: CALL 'public final fun RoundedCornerShape-0680j_4 (size: androidx.compose.ui.unit.Dp): androidx.compose.foundation.shape.RoundedCornerShape declared in androidx.compose.foundation.shape.RoundedCornerShapeKt' type=androidx.compose.foundation.shape.RoundedCornerShape origin=null
              size: GET_VAR '$cornerRadius: androidx.compose.ui.unit.Dp declared in com.wsa.ui_component.UiComponentsKt.IndicatorContainer_x500wqQ$lambda$1' type=androidx.compose.ui.unit.Dp origin=null
          width: GET_VAR '$borderWidth: androidx.compose.ui.unit.Dp declared in com.wsa.ui_component.UiComponentsKt.IndicatorContainer_x500wqQ$lambda$1' type=androidx.compose.ui.unit.Dp origin=null
          color: CALL 'public final fun getBlack-0d7_KjU (): androidx.compose.ui.graphics.Color declared in androidx.compose.ui.graphics.Color.Companion' type=androidx.compose.ui.graphics.Color origin=GET_PROPERTY
            $this: GET_FIELD 'FIELD FIELD_FOR_OBJECT_INSTANCE name:Companion type:androidx.compose.ui.graphics.Color.Companion visibility:public [final,static] declared in androidx.compose.ui.graphics.Color' type=androidx.compose.ui.graphics.Color.Companion origin=null
          shape: CALL 'public final fun RoundedCornerShape-0680j_4 (size: androidx.compose.ui.unit.Dp): androidx.compose.foundation.shape.RoundedCornerShape declared in androidx.compose.foundation.shape.RoundedCornerShapeKt' type=androidx.compose.foundation.shape.RoundedCornerShape origin=null
            size: GET_VAR '$cornerRadius: androidx.compose.ui.unit.Dp declared in com.wsa.ui_component.UiComponentsKt.IndicatorContainer_x500wqQ$lambda$1' type=androidx.compose.ui.unit.Dp origin=null
        paddingValues: GET_VAR '$contentPadding: androidx.compose.foundation.layout.PaddingValues declared in com.wsa.ui_component.UiComponentsKt.IndicatorContainer_x500wqQ$lambda$1' type=androidx.compose.foundation.layout.PaddingValues origin=null
      contentAlignment: COMPOSITE type=androidx.compose.ui.Alignment? origin=DEFAULT_VALUE
        CONST Null type=androidx.compose.ui.Alignment? value=null
      propagateMinConstraints: COMPOSITE type=kotlin.Boolean origin=DEFAULT_VALUE
        CONST Boolean type=kotlin.Boolean value=false
      content: BLOCK type=@[ExtensionFunctionType] kotlin.Function1<androidx.compose.foundation.layout.BoxScope, kotlin.Unit> origin=LAMBDA
        COMPOSITE type=kotlin.Unit origin=null
        FUNCTION_REFERENCE 'private final fun IndicatorContainer_x500wqQ$lambda$1$lambda$0 ($content: @[Composable] kotlin.Function0<kotlin.Unit>): kotlin.Unit declared in com.wsa.ui_component.UiComponentsKt' type=@[ExtensionFunctionType] kotlin.Function1<androidx.compose.foundation.layout.BoxScope, kotlin.Unit> origin=INLINE_LAMBDA reflectionTarget=null
          $content: GET_VAR '$content: @[Composable] kotlin.Function0<kotlin.Unit> declared in com.wsa.ui_component.UiComponentsKt.IndicatorContainer_x500wqQ$lambda$1' type=@[Composable] kotlin.Function0<kotlin.Unit> origin=null
      $mask0: CONST Int type=kotlin.Int value=6
      $handler: CONST Null type=kotlin.Any? value=null
    CALL 'public final fun Box (modifier: androidx.compose.ui.Modifier): kotlin.Unit declared in androidx.compose.foundation.layout.BoxKt' type=kotlin.Unit origin=null
      modifier: CALL 'public final fun border-xT4_qwU (width: androidx.compose.ui.unit.Dp, color: androidx.compose.ui.graphics.Color, shape: androidx.compose.ui.graphics.Shape): androidx.compose.ui.Modifier declared in androidx.compose.foundation.BorderKt' type=androidx.compose.ui.Modifier origin=null
        $receiver: CALL 'public final fun background-bw27NRU (color: androidx.compose.ui.graphics.Color, shape: androidx.compose.ui.graphics.Shape): androidx.compose.ui.Modifier declared in androidx.compose.foundation.BackgroundKt' type=androidx.compose.ui.Modifier origin=null
          $receiver: CALL 'public final fun offset-VpY3zN4$default (x: androidx.compose.ui.unit.Dp, y: androidx.compose.ui.unit.Dp, $mask0: kotlin.Int, $handler: kotlin.Any?): androidx.compose.ui.Modifier declared in androidx.compose.foundation.layout.OffsetKt' type=androidx.compose.ui.Modifier origin=DEFAULT_DISPATCH_CALL
            $receiver: CALL 'public final fun height-3ABfNKs (height: androidx.compose.ui.unit.Dp): androidx.compose.ui.Modifier declared in androidx.compose.foundation.layout.SizeKt' type=androidx.compose.ui.Modifier origin=null
              $receiver: CALL 'public final fun width-3ABfNKs (width: androidx.compose.ui.unit.Dp): androidx.compose.ui.Modifier declared in androidx.compose.foundation.layout.SizeKt' type=androidx.compose.ui.Modifier origin=null
                $receiver: CALL 'public abstract fun align (alignment: androidx.compose.ui.Alignment): androidx.compose.ui.Modifier declared in androidx.compose.foundation.layout.BoxScope' type=androidx.compose.ui.Modifier origin=null
                  $this: GET_VAR '$this$Box: androidx.compose.foundation.layout.BoxScope declared in com.wsa.ui_component.UiComponentsKt.IndicatorContainer_x500wqQ$lambda$1' type=androidx.compose.foundation.layout.BoxScope origin=null
                  $receiver: GET_FIELD 'FIELD FIELD_FOR_OBJECT_INSTANCE name:Companion type:androidx.compose.ui.Modifier.Companion visibility:public [final,static] declared in androidx.compose.ui.Modifier' type=androidx.compose.ui.Modifier.Companion origin=null
                  alignment: CALL 'public final fun <get-BottomCenter> (): androidx.compose.ui.Alignment declared in androidx.compose.ui.Alignment.Companion' type=androidx.compose.ui.Alignment origin=GET_PROPERTY
                    $this: GET_FIELD 'FIELD FIELD_FOR_OBJECT_INSTANCE name:Companion type:androidx.compose.ui.Alignment.Companion visibility:public [final,static] declared in androidx.compose.ui.Alignment' type=androidx.compose.ui.Alignment.Companion origin=null
                width: GET_VAR '$indicatorHeight: androidx.compose.ui.unit.Dp declared in com.wsa.ui_component.UiComponentsKt.IndicatorContainer_x500wqQ$lambda$1' type=androidx.compose.ui.unit.Dp origin=null
              height: GET_VAR '$indicatorHeight: androidx.compose.ui.unit.Dp declared in com.wsa.ui_component.UiComponentsKt.IndicatorContainer_x500wqQ$lambda$1' type=androidx.compose.ui.unit.Dp origin=null
            x: COMPOSITE type=androidx.compose.ui.unit.Dp origin=DEFAULT_VALUE
              CALL 'public final fun <unsafe-coerce> <T, R> (v: T of kotlin.jvm.internal.<unsafe-coerce>): R of kotlin.jvm.internal.<unsafe-coerce> declared in kotlin.jvm.internal' type=androidx.compose.ui.unit.Dp origin=null
                <T>: kotlin.Float
                <R>: androidx.compose.ui.unit.Dp
                v: CONST Float type=kotlin.Float value=0.0
            y: CALL 'public final fun div-u2uoSUM (arg0: androidx.compose.ui.unit.Dp, other: kotlin.Int): androidx.compose.ui.unit.Dp [inline,operator] declared in androidx.compose.ui.unit.Dp' type=androidx.compose.ui.unit.Dp origin=DIV
              arg0: GET_VAR '$indicatorHeight: androidx.compose.ui.unit.Dp declared in com.wsa.ui_component.UiComponentsKt.IndicatorContainer_x500wqQ$lambda$1' type=androidx.compose.ui.unit.Dp origin=null
              other: CONST Int type=kotlin.Int value=2
            $mask0: CONST Int type=kotlin.Int value=1
            $handler: CONST Null type=kotlin.Any? value=null
          color: GET_VAR '$indicatorColor: androidx.compose.ui.graphics.Color declared in com.wsa.ui_component.UiComponentsKt.IndicatorContainer_x500wqQ$lambda$1' type=androidx.compose.ui.graphics.Color origin=null
          shape: CALL 'public final fun RoundedCornerShape (percent: kotlin.Int): androidx.compose.foundation.shape.RoundedCornerShape declared in androidx.compose.foundation.shape.RoundedCornerShapeKt' type=androidx.compose.foundation.shape.RoundedCornerShape origin=null
            percent: CONST Int type=kotlin.Int value=50
        width: GET_VAR '$borderWidth: androidx.compose.ui.unit.Dp declared in com.wsa.ui_component.UiComponentsKt.IndicatorContainer_x500wqQ$lambda$1' type=androidx.compose.ui.unit.Dp origin=null
        color: CALL 'public final fun getBlack-0d7_KjU (): androidx.compose.ui.graphics.Color declared in androidx.compose.ui.graphics.Color.Companion' type=androidx.compose.ui.graphics.Color origin=GET_PROPERTY
          $this: GET_FIELD 'FIELD FIELD_FOR_OBJECT_INSTANCE name:Companion type:androidx.compose.ui.graphics.Color.Companion visibility:public [final,static] declared in androidx.compose.ui.graphics.Color' type=androidx.compose.ui.graphics.Color.Companion origin=null
        shape: CALL 'public final fun RoundedCornerShape (percent: kotlin.Int): androidx.compose.foundation.shape.RoundedCornerShape declared in androidx.compose.foundation.shape.RoundedCornerShapeKt' type=androidx.compose.foundation.shape.RoundedCornerShape origin=null
          percent: CONST Int type=kotlin.Int value=50

	at org.jetbrains.kotlin.backend.jvm.codegen.FunctionCodegen.generate(FunctionCodegen.kt:47)
	at org.jetbrains.kotlin.backend.jvm.codegen.IrSourceCompilerForInline.generateLambdaBody(IrSourceCompilerForInline.kt:67)
	at org.jetbrains.kotlin.codegen.inline.ExpressionLambda.generateLambdaBody(LambdaInfo.kt:72)
	at org.jetbrains.kotlin.backend.jvm.codegen.IrInlineCodegen.genValueAndPut(IrInlineCodegen.kt:100)
	at org.jetbrains.kotlin.backend.jvm.codegen.ExpressionCodegen.visitCall$handleParameter(ExpressionCodegen.kt:616)
	at org.jetbrains.kotlin.backend.jvm.codegen.ExpressionCodegen.visitCall(ExpressionCodegen.kt:644)
	at org.jetbrains.kotlin.backend.jvm.codegen.ExpressionCodegen.visitCall(ExpressionCodegen.kt:138)
	at org.jetbrains.kotlin.ir.expressions.IrCall.accept(IrCall.kt:24)
	at org.jetbrains.kotlin.backend.jvm.codegen.ExpressionCodegen.visitStatementContainer(ExpressionCodegen.kt:579)
	at org.jetbrains.kotlin.backend.jvm.codegen.ExpressionCodegen.visitBlockBody(ExpressionCodegen.kt:584)
	at org.jetbrains.kotlin.backend.jvm.codegen.ExpressionCodegen.visitBlockBody(ExpressionCodegen.kt:138)
	at org.jetbrains.kotlin.ir.expressions.IrBlockBody.accept(IrBlockBody.kt:20)
	at org.jetbrains.kotlin.backend.jvm.codegen.ExpressionCodegen.generate(ExpressionCodegen.kt:240)
	at org.jetbrains.kotlin.backend.jvm.codegen.FunctionCodegen.doGenerate(FunctionCodegen.kt:123)
	at org.jetbrains.kotlin.backend.jvm.codegen.FunctionCodegen.generate(FunctionCodegen.kt:44)
	... 53 more
Caused by: org.jetbrains.kotlin.codegen.CompilationException: Back-end (JVM) Internal error: Couldn't inline method call: CALL 'public final fun Box$default (modifier: androidx.compose.ui.Modifier?, contentAlignment: androidx.compose.ui.Alignment?, propagateMinConstraints: kotlin.Boolean, content: @[Composable] @[ExtensionFunctionType] kotlin.Function1<androidx.compose.foundation.layout.BoxScope, kotlin.Unit>, $mask0: kotlin.Int, $handler: kotlin.Any?): kotlin.Unit [inline] declared in androidx.compose.foundation.layout.BoxKt' type=kotlin.Unit origin=DEFAULT_DISPATCH_CALL
Method: null
File is unknown
The root cause java.lang.IllegalStateException was thrown at: org.jetbrains.kotlin.codegen.inline.SourceCompilerForInlineKt.getMethodNode(SourceCompilerForInline.kt:118)
	at org.jetbrains.kotlin.codegen.inline.InlineCodegen.performInline(InlineCodegen.kt:65)
	at org.jetbrains.kotlin.backend.jvm.codegen.IrInlineCodegen.genInlineCall(IrInlineCodegen.kt:163)
	at org.jetbrains.kotlin.backend.jvm.codegen.IrInlineCallGenerator.genCall(IrInlineCallGenerator.kt:36)
	at org.jetbrains.kotlin.backend.jvm.codegen.ExpressionCodegen.visitCall(ExpressionCodegen.kt:653)
	at org.jetbrains.kotlin.backend.jvm.codegen.ExpressionCodegen.visitCall(ExpressionCodegen.kt:138)
	at org.jetbrains.kotlin.ir.expressions.IrCall.accept(IrCall.kt:24)
	at org.jetbrains.kotlin.backend.jvm.codegen.ExpressionCodegen.visitStatementContainer(ExpressionCodegen.kt:579)
	at org.jetbrains.kotlin.backend.jvm.codegen.ExpressionCodegen.visitBlockBody(ExpressionCodegen.kt:584)
	at org.jetbrains.kotlin.backend.jvm.codegen.ExpressionCodegen.visitBlockBody(ExpressionCodegen.kt:138)
	at org.jetbrains.kotlin.ir.expressions.IrBlockBody.accept(IrBlockBody.kt:20)
	at org.jetbrains.kotlin.backend.jvm.codegen.ExpressionCodegen.generate(ExpressionCodegen.kt:240)
	at org.jetbrains.kotlin.backend.jvm.codegen.FunctionCodegen.doGenerate(FunctionCodegen.kt:123)
	at org.jetbrains.kotlin.backend.jvm.codegen.FunctionCodegen.generate(FunctionCodegen.kt:44)
	... 67 more
Caused by: java.lang.IllegalStateException: couldn't find inline method Landroidx/compose/foundation/layout/BoxKt;.Box$default(Landroidx/compose/ui/Modifier;Landroidx/compose/ui/Alignment;ZLkotlin/jvm/functions/Function1;ILjava/lang/Object;)V
	at org.jetbrains.kotlin.codegen.inline.SourceCompilerForInlineKt.getMethodNode(SourceCompilerForInline.kt:118)
	at org.jetbrains.kotlin.codegen.inline.SourceCompilerForInlineKt.loadCompiledInlineFunction(SourceCompilerForInline.kt:96)
	at org.jetbrains.kotlin.backend.jvm.codegen.IrSourceCompilerForInline.compileInlineFunction(IrSourceCompilerForInline.kt:91)
	at org.jetbrains.kotlin.codegen.inline.InlineCodegen.compileInline(InlineCodegen.kt:43)
	at org.jetbrains.kotlin.codegen.inline.InlineCodegen.performInline(InlineCodegen.kt:51)
	... 79 more


